[ERROR] 2021-11-29 14:49:33.800 [main] JSONUtils - Error while converting to JSON
com.fasterxml.jackson.databind.exc.InvalidDefinitionException: Cannot construct instance of `com.timetabling.app.model.Instance` (no Creators, like default construct, exist): cannot deserialize from Object value (no delegate- or property-based Creator)
 at [Source: (String)"{"Periods":20,"Teachers":["Andrea","Luca","Sara","Michele"],"Courses":[{"Teacher":"Andrea","RoomsRequested":{"Type":"Large","Number":2},"Course":"Databases"},{"Teacher":"Luca","RoomsRequested":{"Type":"Large","Number":1},"Course":"Algorithms"},{"Teacher":"Sara","RoomsRequested":{"Type":"Large","Number":2},"Course":"Programming"},{"Teacher":"Michele","RoomsRequested":{"Type":"Small","Number":1},"Course":"OpRes"},{"Teacher":"Andrea","RoomsRequested":{"Type":"Large","Number":0},"Course":"Analytics""[truncated 448 chars]; line: 1, column: 2]
	at com.fasterxml.jackson.databind.exc.InvalidDefinitionException.from(InvalidDefinitionException.java:67) ~[jackson-databind-2.9.8.jar:2.9.8]
	at com.fasterxml.jackson.databind.DeserializationContext.reportBadDefinition(DeserializationContext.java:1452) ~[jackson-databind-2.9.8.jar:2.9.8]
	at com.fasterxml.jackson.databind.DeserializationContext.handleMissingInstantiator(DeserializationContext.java:1028) ~[jackson-databind-2.9.8.jar:2.9.8]
	at com.fasterxml.jackson.databind.deser.BeanDeserializerBase.deserializeFromObjectUsingNonDefault(BeanDeserializerBase.java:1297) ~[jackson-databind-2.9.8.jar:2.9.8]
	at com.fasterxml.jackson.databind.deser.BeanDeserializer.deserializeFromObject(BeanDeserializer.java:326) ~[jackson-databind-2.9.8.jar:2.9.8]
	at com.fasterxml.jackson.databind.deser.BeanDeserializer.deserialize(BeanDeserializer.java:159) ~[jackson-databind-2.9.8.jar:2.9.8]
	at com.fasterxml.jackson.databind.ObjectMapper._readMapAndClose(ObjectMapper.java:4013) ~[jackson-databind-2.9.8.jar:2.9.8]
	at com.fasterxml.jackson.databind.ObjectMapper.readValue(ObjectMapper.java:3023) ~[jackson-databind-2.9.8.jar:2.9.8]
	at com.timetabling.app.util.JSONUtils.convert(JSONUtils.java:48) [classes/:?]
	at com.timetabling.app.Timetabling.main(Timetabling.java:20) [classes/:?]
[ERROR] 2021-11-29 14:49:57.654 [main] JSONUtils - Error while converting to JSON
com.fasterxml.jackson.databind.exc.UnrecognizedPropertyException: Unrecognized field "Periods" (class com.timetabling.app.model.Instance), not marked as ignorable (8 known properties: "teachers", "periods", "slotsPerDay", "primaryPrimaryDistance", "primarySecondaryDistance", "courses", "curricula", "rooms"])
 at [Source: (String)"{"Periods":20,"Teachers":["Andrea","Luca","Sara","Michele"],"Courses":[{"Teacher":"Andrea","RoomsRequested":{"Type":"Large","Number":2},"Course":"Databases"},{"Teacher":"Luca","RoomsRequested":{"Type":"Large","Number":1},"Course":"Algorithms"},{"Teacher":"Sara","RoomsRequested":{"Type":"Large","Number":2},"Course":"Programming"},{"Teacher":"Michele","RoomsRequested":{"Type":"Small","Number":1},"Course":"OpRes"},{"Teacher":"Andrea","RoomsRequested":{"Type":"Large","Number":0},"Course":"Analytics""[truncated 448 chars]; line: 1, column: 14] (through reference chain: com.timetabling.app.model.Instance["Periods"])
	at com.fasterxml.jackson.databind.exc.UnrecognizedPropertyException.from(UnrecognizedPropertyException.java:61) ~[jackson-databind-2.9.8.jar:2.9.8]
	at com.fasterxml.jackson.databind.DeserializationContext.handleUnknownProperty(DeserializationContext.java:823) ~[jackson-databind-2.9.8.jar:2.9.8]
	at com.fasterxml.jackson.databind.deser.std.StdDeserializer.handleUnknownProperty(StdDeserializer.java:1153) ~[jackson-databind-2.9.8.jar:2.9.8]
	at com.fasterxml.jackson.databind.deser.BeanDeserializerBase.handleUnknownProperty(BeanDeserializerBase.java:1589) ~[jackson-databind-2.9.8.jar:2.9.8]
	at com.fasterxml.jackson.databind.deser.BeanDeserializerBase.handleUnknownVanilla(BeanDeserializerBase.java:1567) ~[jackson-databind-2.9.8.jar:2.9.8]
	at com.fasterxml.jackson.databind.deser.BeanDeserializer.vanillaDeserialize(BeanDeserializer.java:294) ~[jackson-databind-2.9.8.jar:2.9.8]
	at com.fasterxml.jackson.databind.deser.BeanDeserializer.deserialize(BeanDeserializer.java:151) ~[jackson-databind-2.9.8.jar:2.9.8]
	at com.fasterxml.jackson.databind.ObjectMapper._readMapAndClose(ObjectMapper.java:4013) ~[jackson-databind-2.9.8.jar:2.9.8]
	at com.fasterxml.jackson.databind.ObjectMapper.readValue(ObjectMapper.java:3023) ~[jackson-databind-2.9.8.jar:2.9.8]
	at com.timetabling.app.util.JSONUtils.convert(JSONUtils.java:48) [classes/:?]
	at com.timetabling.app.Timetabling.main(Timetabling.java:20) [classes/:?]
[ERROR] 2021-11-29 14:50:50.843 [main] JSONUtils - Error while converting to JSON
com.fasterxml.jackson.databind.exc.UnrecognizedPropertyException: Unrecognized field "Periods" (class com.timetabling.app.model.Instance), not marked as ignorable (8 known properties: "teachers", "periods", "slotsPerDay", "primaryPrimaryDistance", "primarySecondaryDistance", "courses", "curricula", "rooms"])
 at [Source: (String)"{"Periods":20,"Teachers":["Andrea","Luca","Sara","Michele"],"Courses":[{"Teacher":"Andrea","RoomsRequested":{"Type":"Large","Number":2},"Course":"Databases"},{"Teacher":"Luca","RoomsRequested":{"Type":"Large","Number":1},"Course":"Algorithms"},{"Teacher":"Sara","RoomsRequested":{"Type":"Large","Number":2},"Course":"Programming"},{"Teacher":"Michele","RoomsRequested":{"Type":"Small","Number":1},"Course":"OpRes"},{"Teacher":"Andrea","RoomsRequested":{"Type":"Large","Number":0},"Course":"Analytics""[truncated 448 chars]; line: 1, column: 14] (through reference chain: com.timetabling.app.model.Instance["Periods"])
	at com.fasterxml.jackson.databind.exc.UnrecognizedPropertyException.from(UnrecognizedPropertyException.java:61) ~[jackson-databind-2.9.8.jar:2.9.8]
	at com.fasterxml.jackson.databind.DeserializationContext.handleUnknownProperty(DeserializationContext.java:823) ~[jackson-databind-2.9.8.jar:2.9.8]
	at com.fasterxml.jackson.databind.deser.std.StdDeserializer.handleUnknownProperty(StdDeserializer.java:1153) ~[jackson-databind-2.9.8.jar:2.9.8]
	at com.fasterxml.jackson.databind.deser.BeanDeserializerBase.handleUnknownProperty(BeanDeserializerBase.java:1589) ~[jackson-databind-2.9.8.jar:2.9.8]
	at com.fasterxml.jackson.databind.deser.BeanDeserializerBase.handleUnknownVanilla(BeanDeserializerBase.java:1567) ~[jackson-databind-2.9.8.jar:2.9.8]
	at com.fasterxml.jackson.databind.deser.BeanDeserializer.vanillaDeserialize(BeanDeserializer.java:294) ~[jackson-databind-2.9.8.jar:2.9.8]
	at com.fasterxml.jackson.databind.deser.BeanDeserializer.deserialize(BeanDeserializer.java:151) ~[jackson-databind-2.9.8.jar:2.9.8]
	at com.fasterxml.jackson.databind.ObjectMapper._readMapAndClose(ObjectMapper.java:4013) ~[jackson-databind-2.9.8.jar:2.9.8]
	at com.fasterxml.jackson.databind.ObjectMapper.readValue(ObjectMapper.java:3023) ~[jackson-databind-2.9.8.jar:2.9.8]
	at com.timetabling.app.util.JSONUtils.convert(JSONUtils.java:48) [classes/:?]
	at com.timetabling.app.Timetabling.main(Timetabling.java:20) [classes/:?]
[ERROR] 2021-11-29 14:57:16.330 [main] JSONUtils - Error while converting to JSON
com.fasterxml.jackson.databind.exc.InvalidDefinitionException: Cannot construct instance of `com.timetabling.app.model.Course` (no Creators, like default construct, exist): cannot deserialize from Object value (no delegate- or property-based Creator)
 at [Source: (String)"{"Periods":20,"teachers":["Andrea","Luca","Sara","Michele"],"Courses":[{"Teacher":"Andrea","RoomsRequested":{"Type":"Large","Number":2},"Course":"Databases"},{"Teacher":"Luca","RoomsRequested":{"Type":"Large","Number":1},"Course":"Algorithms"},{"Teacher":"Sara","RoomsRequested":{"Type":"Large","Number":2},"Course":"Programming"},{"Teacher":"Michele","RoomsRequested":{"Type":"Small","Number":1},"Course":"OpRes"},{"Teacher":"Andrea","RoomsRequested":{"Type":"Large","Number":0},"Course":"Analytics""[truncated 448 chars]; line: 1, column: 73] (through reference chain: com.timetabling.app.model.Instance["Courses"]->java.util.ArrayList[0])
	at com.fasterxml.jackson.databind.exc.InvalidDefinitionException.from(InvalidDefinitionException.java:67) ~[jackson-databind-2.9.8.jar:2.9.8]
	at com.fasterxml.jackson.databind.DeserializationContext.reportBadDefinition(DeserializationContext.java:1452) ~[jackson-databind-2.9.8.jar:2.9.8]
	at com.fasterxml.jackson.databind.DeserializationContext.handleMissingInstantiator(DeserializationContext.java:1028) ~[jackson-databind-2.9.8.jar:2.9.8]
	at com.fasterxml.jackson.databind.deser.BeanDeserializerBase.deserializeFromObjectUsingNonDefault(BeanDeserializerBase.java:1297) ~[jackson-databind-2.9.8.jar:2.9.8]
	at com.fasterxml.jackson.databind.deser.BeanDeserializer.deserializeFromObject(BeanDeserializer.java:326) ~[jackson-databind-2.9.8.jar:2.9.8]
	at com.fasterxml.jackson.databind.deser.BeanDeserializer.deserialize(BeanDeserializer.java:159) ~[jackson-databind-2.9.8.jar:2.9.8]
	at com.fasterxml.jackson.databind.deser.std.CollectionDeserializer.deserialize(CollectionDeserializer.java:286) ~[jackson-databind-2.9.8.jar:2.9.8]
	at com.fasterxml.jackson.databind.deser.std.CollectionDeserializer.deserialize(CollectionDeserializer.java:245) ~[jackson-databind-2.9.8.jar:2.9.8]
	at com.fasterxml.jackson.databind.deser.std.CollectionDeserializer.deserialize(CollectionDeserializer.java:27) ~[jackson-databind-2.9.8.jar:2.9.8]
	at com.fasterxml.jackson.databind.deser.impl.MethodProperty.deserializeAndSet(MethodProperty.java:127) ~[jackson-databind-2.9.8.jar:2.9.8]
	at com.fasterxml.jackson.databind.deser.BeanDeserializer.vanillaDeserialize(BeanDeserializer.java:288) ~[jackson-databind-2.9.8.jar:2.9.8]
	at com.fasterxml.jackson.databind.deser.BeanDeserializer.deserialize(BeanDeserializer.java:151) ~[jackson-databind-2.9.8.jar:2.9.8]
	at com.fasterxml.jackson.databind.ObjectMapper._readMapAndClose(ObjectMapper.java:4013) ~[jackson-databind-2.9.8.jar:2.9.8]
	at com.fasterxml.jackson.databind.ObjectMapper.readValue(ObjectMapper.java:3023) ~[jackson-databind-2.9.8.jar:2.9.8]
	at com.timetabling.app.util.JSONUtils.convert(JSONUtils.java:50) [classes/:?]
	at com.timetabling.app.Timetabling.main(Timetabling.java:20) [classes/:?]
[ERROR] 2021-11-29 14:58:41.855 [main] JSONUtils - Error while converting to JSON
com.fasterxml.jackson.databind.exc.InvalidDefinitionException: Cannot construct instance of `com.timetabling.app.model.RoomsRequested` (no Creators, like default construct, exist): cannot deserialize from Object value (no delegate- or property-based Creator)
 at [Source: (String)"{"Periods":20,"teachers":["Andrea","Luca","Sara","Michele"],"Courses":[{"Teacher":"Andrea","RoomsRequested":{"Type":"Large","Number":2},"Course":"Databases"},{"Teacher":"Luca","RoomsRequested":{"Type":"Large","Number":1},"Course":"Algorithms"},{"Teacher":"Sara","RoomsRequested":{"Type":"Large","Number":2},"Course":"Programming"},{"Teacher":"Michele","RoomsRequested":{"Type":"Small","Number":1},"Course":"OpRes"},{"Teacher":"Andrea","RoomsRequested":{"Type":"Large","Number":0},"Course":"Analytics""[truncated 448 chars]; line: 1, column: 110] (through reference chain: com.timetabling.app.model.Instance["Courses"]->java.util.ArrayList[0]->com.timetabling.app.model.Course["RoomsRequested"])
	at com.fasterxml.jackson.databind.exc.InvalidDefinitionException.from(InvalidDefinitionException.java:67) ~[jackson-databind-2.9.8.jar:2.9.8]
	at com.fasterxml.jackson.databind.DeserializationContext.reportBadDefinition(DeserializationContext.java:1452) ~[jackson-databind-2.9.8.jar:2.9.8]
	at com.fasterxml.jackson.databind.DeserializationContext.handleMissingInstantiator(DeserializationContext.java:1028) ~[jackson-databind-2.9.8.jar:2.9.8]
	at com.fasterxml.jackson.databind.deser.BeanDeserializerBase.deserializeFromObjectUsingNonDefault(BeanDeserializerBase.java:1297) ~[jackson-databind-2.9.8.jar:2.9.8]
	at com.fasterxml.jackson.databind.deser.BeanDeserializer.deserializeFromObject(BeanDeserializer.java:326) ~[jackson-databind-2.9.8.jar:2.9.8]
	at com.fasterxml.jackson.databind.deser.BeanDeserializer.deserialize(BeanDeserializer.java:159) ~[jackson-databind-2.9.8.jar:2.9.8]
	at com.fasterxml.jackson.databind.deser.impl.MethodProperty.deserializeAndSet(MethodProperty.java:127) ~[jackson-databind-2.9.8.jar:2.9.8]
	at com.fasterxml.jackson.databind.deser.BeanDeserializer.vanillaDeserialize(BeanDeserializer.java:288) ~[jackson-databind-2.9.8.jar:2.9.8]
	at com.fasterxml.jackson.databind.deser.BeanDeserializer.deserialize(BeanDeserializer.java:151) ~[jackson-databind-2.9.8.jar:2.9.8]
	at com.fasterxml.jackson.databind.deser.std.CollectionDeserializer.deserialize(CollectionDeserializer.java:286) ~[jackson-databind-2.9.8.jar:2.9.8]
	at com.fasterxml.jackson.databind.deser.std.CollectionDeserializer.deserialize(CollectionDeserializer.java:245) ~[jackson-databind-2.9.8.jar:2.9.8]
	at com.fasterxml.jackson.databind.deser.std.CollectionDeserializer.deserialize(CollectionDeserializer.java:27) ~[jackson-databind-2.9.8.jar:2.9.8]
	at com.fasterxml.jackson.databind.deser.impl.MethodProperty.deserializeAndSet(MethodProperty.java:127) ~[jackson-databind-2.9.8.jar:2.9.8]
	at com.fasterxml.jackson.databind.deser.BeanDeserializer.vanillaDeserialize(BeanDeserializer.java:288) ~[jackson-databind-2.9.8.jar:2.9.8]
	at com.fasterxml.jackson.databind.deser.BeanDeserializer.deserialize(BeanDeserializer.java:151) ~[jackson-databind-2.9.8.jar:2.9.8]
	at com.fasterxml.jackson.databind.ObjectMapper._readMapAndClose(ObjectMapper.java:4013) ~[jackson-databind-2.9.8.jar:2.9.8]
	at com.fasterxml.jackson.databind.ObjectMapper.readValue(ObjectMapper.java:3023) ~[jackson-databind-2.9.8.jar:2.9.8]
	at com.timetabling.app.util.JSONUtils.convert(JSONUtils.java:50) [classes/:?]
	at com.timetabling.app.Timetabling.main(Timetabling.java:20) [classes/:?]
[ERROR] 2021-11-29 14:59:40.556 [main] JSONUtils - Error while converting to JSON
com.fasterxml.jackson.databind.exc.InvalidFormatException: Cannot deserialize value of type `com.timetabling.app.enums.RoomType` from String "Large": value not one of declared Enum instance names: [LARGE, MEDIUM, SMALL]
 at [Source: (String)"{"Periods":20,"teachers":["Andrea","Luca","Sara","Michele"],"Courses":[{"Teacher":"Andrea","RoomsRequested":{"Type":"Large","Number":2},"Course":"Databases"},{"Teacher":"Luca","RoomsRequested":{"Type":"Large","Number":1},"Course":"Algorithms"},{"Teacher":"Sara","RoomsRequested":{"Type":"Large","Number":2},"Course":"Programming"},{"Teacher":"Michele","RoomsRequested":{"Type":"Small","Number":1},"Course":"OpRes"},{"Teacher":"Andrea","RoomsRequested":{"Type":"Large","Number":0},"Course":"Analytics""[truncated 448 chars]; line: 1, column: 117] (through reference chain: com.timetabling.app.model.Instance["Courses"]->java.util.ArrayList[0]->com.timetabling.app.model.Course["RoomsRequested"]->com.timetabling.app.model.RoomsRequested["Type"])
	at com.fasterxml.jackson.databind.exc.InvalidFormatException.from(InvalidFormatException.java:67) ~[jackson-databind-2.9.8.jar:2.9.8]
	at com.fasterxml.jackson.databind.DeserializationContext.weirdStringException(DeserializationContext.java:1549) ~[jackson-databind-2.9.8.jar:2.9.8]
	at com.fasterxml.jackson.databind.DeserializationContext.handleWeirdStringValue(DeserializationContext.java:911) ~[jackson-databind-2.9.8.jar:2.9.8]
	at com.fasterxml.jackson.databind.deser.std.EnumDeserializer._deserializeAltString(EnumDeserializer.java:255) ~[jackson-databind-2.9.8.jar:2.9.8]
	at com.fasterxml.jackson.databind.deser.std.EnumDeserializer.deserialize(EnumDeserializer.java:179) ~[jackson-databind-2.9.8.jar:2.9.8]
	at com.fasterxml.jackson.databind.deser.impl.MethodProperty.deserializeAndSet(MethodProperty.java:127) ~[jackson-databind-2.9.8.jar:2.9.8]
	at com.fasterxml.jackson.databind.deser.BeanDeserializer.vanillaDeserialize(BeanDeserializer.java:288) ~[jackson-databind-2.9.8.jar:2.9.8]
	at com.fasterxml.jackson.databind.deser.BeanDeserializer.deserialize(BeanDeserializer.java:151) ~[jackson-databind-2.9.8.jar:2.9.8]
	at com.fasterxml.jackson.databind.deser.impl.MethodProperty.deserializeAndSet(MethodProperty.java:127) ~[jackson-databind-2.9.8.jar:2.9.8]
	at com.fasterxml.jackson.databind.deser.BeanDeserializer.vanillaDeserialize(BeanDeserializer.java:288) ~[jackson-databind-2.9.8.jar:2.9.8]
	at com.fasterxml.jackson.databind.deser.BeanDeserializer.deserialize(BeanDeserializer.java:151) ~[jackson-databind-2.9.8.jar:2.9.8]
	at com.fasterxml.jackson.databind.deser.std.CollectionDeserializer.deserialize(CollectionDeserializer.java:286) ~[jackson-databind-2.9.8.jar:2.9.8]
	at com.fasterxml.jackson.databind.deser.std.CollectionDeserializer.deserialize(CollectionDeserializer.java:245) ~[jackson-databind-2.9.8.jar:2.9.8]
	at com.fasterxml.jackson.databind.deser.std.CollectionDeserializer.deserialize(CollectionDeserializer.java:27) ~[jackson-databind-2.9.8.jar:2.9.8]
	at com.fasterxml.jackson.databind.deser.impl.MethodProperty.deserializeAndSet(MethodProperty.java:127) ~[jackson-databind-2.9.8.jar:2.9.8]
	at com.fasterxml.jackson.databind.deser.BeanDeserializer.vanillaDeserialize(BeanDeserializer.java:288) ~[jackson-databind-2.9.8.jar:2.9.8]
	at com.fasterxml.jackson.databind.deser.BeanDeserializer.deserialize(BeanDeserializer.java:151) ~[jackson-databind-2.9.8.jar:2.9.8]
	at com.fasterxml.jackson.databind.ObjectMapper._readMapAndClose(ObjectMapper.java:4013) ~[jackson-databind-2.9.8.jar:2.9.8]
	at com.fasterxml.jackson.databind.ObjectMapper.readValue(ObjectMapper.java:3023) ~[jackson-databind-2.9.8.jar:2.9.8]
	at com.timetabling.app.util.JSONUtils.convert(JSONUtils.java:50) [classes/:?]
	at com.timetabling.app.Timetabling.main(Timetabling.java:20) [classes/:?]
[ERROR] 2021-11-29 15:08:23.403 [main] JSONUtils - Error while converting to JSON
com.fasterxml.jackson.databind.exc.InvalidFormatException: Cannot deserialize value of type `com.timetabling.app.enums.RoomType` from String "Large": value not one of declared Enum instance names: [LARGE, MEDIUM, SMALL]
 at [Source: (String)"{"Periods":20,"Teachers":["Andrea","Luca","Sara","Michele"],"Courses":[{"Teacher":"Andrea","RoomsRequested":{"Type":"Large","Number":2},"Course":"Databases"},{"Teacher":"Luca","RoomsRequested":{"Type":"Large","Number":1},"Course":"Algorithms"},{"Teacher":"Sara","RoomsRequested":{"Type":"Large","Number":2},"Course":"Programming"},{"Teacher":"Michele","RoomsRequested":{"Type":"Small","Number":1},"Course":"OpRes"},{"Teacher":"Andrea","RoomsRequested":{"Number":0},"Course":"Analytics"}],"Curricula":"[truncated 433 chars]; line: 1, column: 117] (through reference chain: com.timetabling.app.model.Instance["Courses"]->java.util.ArrayList[0]->com.timetabling.app.model.Course["RoomsRequested"]->com.timetabling.app.model.RoomsRequested["Type"])
	at com.fasterxml.jackson.databind.exc.InvalidFormatException.from(InvalidFormatException.java:67) ~[jackson-databind-2.9.8.jar:2.9.8]
	at com.fasterxml.jackson.databind.DeserializationContext.weirdStringException(DeserializationContext.java:1549) ~[jackson-databind-2.9.8.jar:2.9.8]
	at com.fasterxml.jackson.databind.DeserializationContext.handleWeirdStringValue(DeserializationContext.java:911) ~[jackson-databind-2.9.8.jar:2.9.8]
	at com.fasterxml.jackson.databind.deser.std.EnumDeserializer._deserializeAltString(EnumDeserializer.java:255) ~[jackson-databind-2.9.8.jar:2.9.8]
	at com.fasterxml.jackson.databind.deser.std.EnumDeserializer.deserialize(EnumDeserializer.java:179) ~[jackson-databind-2.9.8.jar:2.9.8]
	at com.fasterxml.jackson.databind.deser.impl.MethodProperty.deserializeAndSet(MethodProperty.java:127) ~[jackson-databind-2.9.8.jar:2.9.8]
	at com.fasterxml.jackson.databind.deser.BeanDeserializer.vanillaDeserialize(BeanDeserializer.java:288) ~[jackson-databind-2.9.8.jar:2.9.8]
	at com.fasterxml.jackson.databind.deser.BeanDeserializer.deserialize(BeanDeserializer.java:151) ~[jackson-databind-2.9.8.jar:2.9.8]
	at com.fasterxml.jackson.databind.deser.impl.MethodProperty.deserializeAndSet(MethodProperty.java:127) ~[jackson-databind-2.9.8.jar:2.9.8]
	at com.fasterxml.jackson.databind.deser.BeanDeserializer.vanillaDeserialize(BeanDeserializer.java:288) ~[jackson-databind-2.9.8.jar:2.9.8]
	at com.fasterxml.jackson.databind.deser.BeanDeserializer.deserialize(BeanDeserializer.java:151) ~[jackson-databind-2.9.8.jar:2.9.8]
	at com.fasterxml.jackson.databind.deser.std.CollectionDeserializer.deserialize(CollectionDeserializer.java:286) ~[jackson-databind-2.9.8.jar:2.9.8]
	at com.fasterxml.jackson.databind.deser.std.CollectionDeserializer.deserialize(CollectionDeserializer.java:245) ~[jackson-databind-2.9.8.jar:2.9.8]
	at com.fasterxml.jackson.databind.deser.std.CollectionDeserializer.deserialize(CollectionDeserializer.java:27) ~[jackson-databind-2.9.8.jar:2.9.8]
	at com.fasterxml.jackson.databind.deser.impl.MethodProperty.deserializeAndSet(MethodProperty.java:127) ~[jackson-databind-2.9.8.jar:2.9.8]
	at com.fasterxml.jackson.databind.deser.BeanDeserializer.vanillaDeserialize(BeanDeserializer.java:288) ~[jackson-databind-2.9.8.jar:2.9.8]
	at com.fasterxml.jackson.databind.deser.BeanDeserializer.deserialize(BeanDeserializer.java:151) ~[jackson-databind-2.9.8.jar:2.9.8]
	at com.fasterxml.jackson.databind.ObjectMapper._readMapAndClose(ObjectMapper.java:4013) ~[jackson-databind-2.9.8.jar:2.9.8]
	at com.fasterxml.jackson.databind.ObjectMapper.readValue(ObjectMapper.java:3023) ~[jackson-databind-2.9.8.jar:2.9.8]
	at com.timetabling.app.util.JSONUtils.convert(JSONUtils.java:50) [classes/:?]
	at com.timetabling.app.Timetabling.main(Timetabling.java:20) [classes/:?]
